{
  "0 debug pnpm:scope": {
    "selected": 1
  },
  "1 error pnpm": {
    "code": "ELIFECYCLE",
    "errno": "ENOENT",
    "syscall": "spawn",
    "file": "sh",
    "pkgid": "user-search@0.0.0",
    "stage": "dev",
    "script": "vite",
    "pkgname": "user-search",
    "err": {
      "name": "Error",
      "message": "user-search@0.0.0 dev: `vite`\nspawn ENOENT",
      "code": "ELIFECYCLE",
      "stack": "Error: user-search@0.0.0 dev: `vite`\nspawn ENOENT\n    at ChildProcess.<anonymous> (/home/skip/.npm-packages/lib/node_modules/pnpm/dist/pnpm.cjs:92409:22)\n    at ChildProcess.emit (events.js:376:20)\n    at maybeClose (internal/child_process.js:1055:16)\n    at Process.ChildProcess._handle.onexit (internal/child_process.js:288:5)"
    }
  }
}